<?xml version="1.0" encoding="UTF-8"?>
<testsuite name="come.rome.PaladromeTest" tests="1" skipped="0" failures="0" errors="0" timestamp="2022-06-09T19:28:12" hostname="Romans-MacBook-Pro.local" time="0.014">
  <properties/>
  <testcase name="testing Paladrom" classname="come.rome.PaladromeTest" time="0.014"/>
  <system-out><![CDATA[]]></system-out>
  <system-err><![CDATA[]]></system-err>
</testsuite>
