<?xml version="1.0" encoding="UTF-8"?>
<testsuite name="come.rome.ThreeOneTwoTest" tests="1" skipped="0" failures="0" errors="0" timestamp="2022-06-09T19:28:12" hostname="Romans-MacBook-Pro.local" time="0.001">
  <properties/>
  <testcase name="312 testing" classname="come.rome.ThreeOneTwoTest" time="0.001"/>
  <system-out><![CDATA[]]></system-out>
  <system-err><![CDATA[]]></system-err>
</testsuite>
