<?xml version="1.0" encoding="UTF-8"?>
<testsuite name="come.rome.TextTest" tests="3" skipped="0" failures="0" errors="0" timestamp="2022-02-15T00:59:22" hostname="rrafacz-mb.tech.norvax.net" time="0.051">
  <properties/>
  <testcase name="testing vowelCount funciton" classname="come.rome.TextTest" time="0.02"/>
  <testcase name="testing reverseText function" classname="come.rome.TextTest" time="0.003"/>
  <testcase name="test remove punctuations" classname="come.rome.TextTest" time="0.027"/>
  <system-out><![CDATA[word: oyoy
word: nam
word: ko
wordList first item: B
6
character nu: 0 B non-match: !
character nu: 0 B non-match: "
character nu: 0 B non-match: ,
character nu: 0 B non-match: ]
character nu: 0 B non-match: [
character nu: 0 B non-match: :
character nu: 0 B non-match: {
character nu: 0 B non-match: }
character nu: 0 B non-match: '
character nu: 0 B non-match: ?
character nu: 0 B non-match: '
character nu: 1 l non-match: !
character nu: 1 l non-match: "
character nu: 1 l non-match: ,
character nu: 1 l non-match: ]
character nu: 1 l non-match: [
character nu: 1 l non-match: :
character nu: 1 l non-match: {
character nu: 1 l non-match: }
character nu: 1 l non-match: '
character nu: 1 l non-match: ?
character nu: 1 l non-match: '
character nu: 2 a non-match: !
character nu: 2 a non-match: "
character nu: 2 a non-match: ,
character nu: 2 a non-match: ]
character nu: 2 a non-match: [
character nu: 2 a non-match: :
character nu: 2 a non-match: {
character nu: 2 a non-match: }
character nu: 2 a non-match: '
character nu: 2 a non-match: ?
character nu: 2 a non-match: '
character nu: 3 h non-match: !
character nu: 3 h non-match: "
character nu: 3 h non-match: ,
character nu: 3 h non-match: ]
character nu: 3 h non-match: [
character nu: 3 h non-match: :
character nu: 3 h non-match: {
character nu: 3 h non-match: }
character nu: 3 h non-match: '
character nu: 3 h non-match: ?
character nu: 3 h non-match: '
character nu: 4 ! match: !
character nu: 3 h non-match: !
character nu: 3 h non-match: "
character nu: 3 h non-match: ,
character nu: 3 h non-match: ]
character nu: 3 h non-match: [
character nu: 3 h non-match: :
character nu: 3 h non-match: {
character nu: 3 h non-match: }
character nu: 3 h non-match: '
character nu: 3 h non-match: ?
character nu: 3 h non-match: '
character nu: 4 ? non-match: !
character nu: 4 ? non-match: "
character nu: 4 ? non-match: ,
character nu: 4 ? non-match: ]
character nu: 4 ? non-match: [
character nu: 4 ? non-match: :
character nu: 4 ? non-match: {
character nu: 4 ? non-match: }
character nu: 4 ? non-match: '
character nu: 4 ? match: ?
character nu: 3 h non-match: ?
character nu: 3 h non-match: '
wordList first item: t
8
character nu: 0 t non-match: !
character nu: 0 t non-match: "
character nu: 0 t non-match: ,
character nu: 0 t non-match: ]
character nu: 0 t non-match: [
character nu: 0 t non-match: :
character nu: 0 t non-match: {
character nu: 0 t non-match: }
character nu: 0 t non-match: '
character nu: 0 t non-match: ?
character nu: 0 t non-match: '
character nu: 1 u non-match: !
character nu: 1 u non-match: "
character nu: 1 u non-match: ,
character nu: 1 u non-match: ]
character nu: 1 u non-match: [
character nu: 1 u non-match: :
character nu: 1 u non-match: {
character nu: 1 u non-match: }
character nu: 1 u non-match: '
character nu: 1 u non-match: ?
character nu: 1 u non-match: '
character nu: 2 r non-match: !
character nu: 2 r non-match: "
character nu: 2 r non-match: ,
character nu: 2 r non-match: ]
character nu: 2 r non-match: [
character nu: 2 r non-match: :
character nu: 2 r non-match: {
character nu: 2 r non-match: }
character nu: 2 r non-match: '
character nu: 2 r non-match: ?
character nu: 2 r non-match: '
character nu: 3 k non-match: !
character nu: 3 k non-match: "
character nu: 3 k non-match: ,
character nu: 3 k non-match: ]
character nu: 3 k non-match: [
character nu: 3 k non-match: :
character nu: 3 k non-match: {
character nu: 3 k non-match: }
character nu: 3 k non-match: '
character nu: 3 k non-match: ?
character nu: 3 k non-match: '
character nu: 4 e non-match: !
character nu: 4 e non-match: "
character nu: 4 e non-match: ,
character nu: 4 e non-match: ]
character nu: 4 e non-match: [
character nu: 4 e non-match: :
character nu: 4 e non-match: {
character nu: 4 e non-match: }
character nu: 4 e non-match: '
character nu: 4 e non-match: ?
character nu: 4 e non-match: '
character nu: 5 y non-match: !
character nu: 5 y non-match: "
character nu: 5 y non-match: ,
character nu: 5 y non-match: ]
character nu: 5 y non-match: [
character nu: 5 y non-match: :
character nu: 5 y non-match: {
character nu: 5 y non-match: }
character nu: 5 y non-match: '
character nu: 5 y non-match: ?
character nu: 5 y non-match: '
character nu: 6 ' non-match: !
character nu: 6 ' non-match: "
character nu: 6 ' non-match: ,
character nu: 6 ' non-match: ]
character nu: 6 ' non-match: [
character nu: 6 ' non-match: :
character nu: 6 ' non-match: {
character nu: 6 ' non-match: }
character nu: 6 ' match: '
character nu: 5 y non-match: '
character nu: 5 y non-match: ?
character nu: 5 y non-match: '
character nu: 6 s non-match: !
character nu: 6 s non-match: "
character nu: 6 s non-match: ,
character nu: 6 s non-match: ]
character nu: 6 s non-match: [
character nu: 6 s non-match: :
character nu: 6 s non-match: {
character nu: 6 s non-match: }
character nu: 6 s non-match: '
character nu: 6 s non-match: ?
character nu: 6 s non-match: '
wordList first item: [
10
character nu: 0 [ non-match: !
character nu: 0 [ non-match: "
character nu: 0 [ non-match: ,
character nu: 0 [ non-match: ]
character nu: 0 [ match: [
character nu: 0 b non-match: [
character nu: 0 b non-match: :
character nu: 0 b non-match: {
character nu: 0 b non-match: }
character nu: 0 b non-match: '
character nu: 0 b non-match: ?
character nu: 0 b non-match: '
character nu: 1 r non-match: !
character nu: 1 r non-match: "
character nu: 1 r non-match: ,
character nu: 1 r non-match: ]
character nu: 1 r non-match: [
character nu: 1 r non-match: :
character nu: 1 r non-match: {
character nu: 1 r non-match: }
character nu: 1 r non-match: '
character nu: 1 r non-match: ?
character nu: 1 r non-match: '
character nu: 2 a non-match: !
character nu: 2 a non-match: "
character nu: 2 a non-match: ,
character nu: 2 a non-match: ]
character nu: 2 a non-match: [
character nu: 2 a non-match: :
character nu: 2 a non-match: {
character nu: 2 a non-match: }
character nu: 2 a non-match: '
character nu: 2 a non-match: ?
character nu: 2 a non-match: '
character nu: 3 c non-match: !
character nu: 3 c non-match: "
character nu: 3 c non-match: ,
character nu: 3 c non-match: ]
character nu: 3 c non-match: [
character nu: 3 c non-match: :
character nu: 3 c non-match: {
character nu: 3 c non-match: }
character nu: 3 c non-match: '
character nu: 3 c non-match: ?
character nu: 3 c non-match: '
character nu: 4 k non-match: !
character nu: 4 k non-match: "
character nu: 4 k non-match: ,
character nu: 4 k non-match: ]
character nu: 4 k non-match: [
character nu: 4 k non-match: :
character nu: 4 k non-match: {
character nu: 4 k non-match: }
character nu: 4 k non-match: '
character nu: 4 k non-match: ?
character nu: 4 k non-match: '
character nu: 5 e non-match: !
character nu: 5 e non-match: "
character nu: 5 e non-match: ,
character nu: 5 e non-match: ]
character nu: 5 e non-match: [
character nu: 5 e non-match: :
character nu: 5 e non-match: {
character nu: 5 e non-match: }
character nu: 5 e non-match: '
character nu: 5 e non-match: ?
character nu: 5 e non-match: '
character nu: 6 t non-match: !
character nu: 6 t non-match: "
character nu: 6 t non-match: ,
character nu: 6 t non-match: ]
character nu: 6 t non-match: [
character nu: 6 t non-match: :
character nu: 6 t non-match: {
character nu: 6 t non-match: }
character nu: 6 t non-match: '
character nu: 6 t non-match: ?
character nu: 6 t non-match: '
character nu: 7 s non-match: !
character nu: 7 s non-match: "
character nu: 7 s non-match: ,
character nu: 7 s non-match: ]
character nu: 7 s non-match: [
character nu: 7 s non-match: :
character nu: 7 s non-match: {
character nu: 7 s non-match: }
character nu: 7 s non-match: '
character nu: 7 s non-match: ?
character nu: 7 s non-match: '
character nu: 8 ] non-match: !
character nu: 8 ] non-match: "
character nu: 8 ] non-match: ,
character nu: 8 ] match: ]
character nu: 7 s non-match: ]
character nu: 7 s non-match: [
character nu: 7 s non-match: :
character nu: 7 s non-match: {
character nu: 7 s non-match: }
character nu: 7 s non-match: '
character nu: 7 s non-match: ?
character nu: 7 s non-match: '
]]></system-out>
  <system-err><![CDATA[]]></system-err>
</testsuite>
